2023-12-14 13:34:23,353 INFO werkzeug MainThread :  * Detected change in 'C:\\Users\\aba\\PycharmProjects\\eTel\\app\\methods.py', reloading
2023-12-14 13:34:23,479 INFO werkzeug MainThread :  * Restarting with stat
2023-12-14 13:34:24,351 WARNING werkzeug MainThread :  * Debugger is active!
2023-12-14 13:34:24,353 INFO werkzeug MainThread :  * Debugger PIN: 574-351-979
2023-12-14 13:37:44,567 INFO werkzeug MainThread :  * Detected change in 'C:\\Users\\aba\\PycharmProjects\\eTel\\app\\methods.py', reloading
2023-12-14 13:37:44,684 INFO werkzeug MainThread :  * Restarting with stat
2023-12-14 13:37:45,442 WARNING werkzeug MainThread :  * Debugger is active!
2023-12-14 13:37:45,444 INFO werkzeug MainThread :  * Debugger PIN: 574-351-979
2023-12-14 13:37:58,858 INFO werkzeug MainThread :  * Detected change in 'C:\\Users\\aba\\PycharmProjects\\eTel\\app\\methods.py', reloading
2023-12-14 13:37:58,983 INFO werkzeug MainThread :  * Restarting with stat
2023-12-14 13:37:59,879 WARNING werkzeug MainThread :  * Debugger is active!
2023-12-14 13:37:59,880 INFO werkzeug MainThread :  * Debugger PIN: 574-351-979
2023-12-14 13:38:33,785 INFO werkzeug MainThread :  * Detected change in 'C:\\Users\\aba\\PycharmProjects\\eTel\\app\\methods.py', reloading
2023-12-14 13:38:33,910 INFO werkzeug MainThread :  * Restarting with stat
2023-12-14 13:38:34,658 WARNING werkzeug MainThread :  * Debugger is active!
2023-12-14 13:38:34,660 INFO werkzeug MainThread :  * Debugger PIN: 574-351-979
2023-12-14 13:38:50,171 INFO werkzeug MainThread :  * Detected change in 'C:\\Users\\aba\\PycharmProjects\\eTel\\app\\methods.py', reloading
2023-12-14 13:38:50,286 INFO werkzeug MainThread :  * Restarting with stat
2023-12-14 13:38:51,132 WARNING werkzeug MainThread :  * Debugger is active!
2023-12-14 13:38:51,134 INFO werkzeug MainThread :  * Debugger PIN: 574-351-979
2023-12-14 13:39:04,548 INFO werkzeug MainThread :  * Detected change in 'C:\\Users\\aba\\PycharmProjects\\eTel\\app\\methods.py', reloading
2023-12-14 13:39:04,665 INFO werkzeug MainThread :  * Restarting with stat
2023-12-14 13:39:05,457 WARNING werkzeug MainThread :  * Debugger is active!
2023-12-14 13:39:05,459 INFO werkzeug MainThread :  * Debugger PIN: 574-351-979
2023-12-14 13:39:18,845 INFO werkzeug MainThread :  * Detected change in 'C:\\Users\\aba\\PycharmProjects\\eTel\\app\\methods.py', reloading
2023-12-14 13:39:18,969 INFO werkzeug MainThread :  * Restarting with stat
2023-12-14 13:39:19,746 WARNING werkzeug MainThread :  * Debugger is active!
2023-12-14 13:39:19,749 INFO werkzeug MainThread :  * Debugger PIN: 574-351-979
2023-12-14 13:39:29,046 INFO werkzeug MainThread :  * Detected change in 'C:\\Users\\aba\\PycharmProjects\\eTel\\app\\methods.py', reloading
2023-12-14 13:39:29,161 INFO werkzeug MainThread :  * Restarting with stat
2023-12-14 13:39:30,006 WARNING werkzeug MainThread :  * Debugger is active!
2023-12-14 13:39:30,007 INFO werkzeug MainThread :  * Debugger PIN: 574-351-979
2023-12-14 13:40:45,978 INFO werkzeug MainThread :  * Detected change in 'C:\\Users\\aba\\PycharmProjects\\eTel\\app\\methods.py', reloading
2023-12-14 13:40:46,109 INFO werkzeug MainThread :  * Restarting with stat
2023-12-14 13:40:46,988 WARNING werkzeug MainThread :  * Debugger is active!
2023-12-14 13:40:46,989 INFO werkzeug MainThread :  * Debugger PIN: 574-351-979
2023-12-14 13:40:52,171 INFO werkzeug MainThread :  * Detected change in 'C:\\Users\\aba\\PycharmProjects\\eTel\\app\\methods.py', reloading
2023-12-14 13:40:52,303 INFO werkzeug MainThread :  * Restarting with stat
2023-12-14 13:40:53,085 WARNING werkzeug MainThread :  * Debugger is active!
2023-12-14 13:40:53,086 INFO werkzeug MainThread :  * Debugger PIN: 574-351-979
2023-12-14 13:41:50,552 INFO werkzeug MainThread :  * Detected change in 'C:\\Users\\aba\\PycharmProjects\\eTel\\migrations\\env.py', reloading
2023-12-14 13:41:50,671 INFO werkzeug MainThread :  * Restarting with stat
2023-12-14 13:41:51,491 WARNING werkzeug MainThread :  * Debugger is active!
2023-12-14 13:41:51,492 INFO werkzeug MainThread :  * Debugger PIN: 574-351-979
2023-12-14 13:42:19,270 INFO werkzeug MainThread :  * Detected change in 'C:\\Users\\aba\\PycharmProjects\\eTel\\migrations\\env.py', reloading
2023-12-14 13:42:19,388 INFO werkzeug MainThread :  * Restarting with stat
2023-12-14 13:42:20,139 WARNING werkzeug MainThread :  * Debugger is active!
2023-12-14 13:42:20,140 INFO werkzeug MainThread :  * Debugger PIN: 574-351-979
2023-12-14 13:42:58,125 INFO werkzeug MainThread :  * Detected change in 'C:\\Users\\aba\\PycharmProjects\\eTel\\app\\methods.py', reloading
2023-12-14 13:42:58,244 INFO werkzeug MainThread :  * Restarting with stat
2023-12-14 13:42:59,085 WARNING werkzeug MainThread :  * Debugger is active!
2023-12-14 13:42:59,086 INFO werkzeug MainThread :  * Debugger PIN: 574-351-979
2023-12-14 13:43:22,727 INFO werkzeug MainThread :  * Detected change in 'C:\\Users\\aba\\PycharmProjects\\eTel\\app\\methods.py', reloading
2023-12-14 13:43:22,842 INFO werkzeug MainThread :  * Restarting with stat
2023-12-14 13:43:23,588 WARNING werkzeug MainThread :  * Debugger is active!
2023-12-14 13:43:23,590 INFO werkzeug MainThread :  * Debugger PIN: 574-351-979
2023-12-14 13:45:47,401 INFO werkzeug MainThread :  * Detected change in 'C:\\Users\\aba\\PycharmProjects\\eTel\\app\\methods.py', reloading
2023-12-14 13:45:47,524 INFO werkzeug MainThread :  * Restarting with stat
2023-12-14 13:45:48,653 WARNING werkzeug MainThread :  * Debugger is active!
2023-12-14 13:45:48,655 INFO werkzeug MainThread :  * Debugger PIN: 574-351-979
2023-12-14 13:53:57,672 INFO werkzeug MainThread :  * Detected change in 'C:\\Users\\aba\\PycharmProjects\\eTel\\app\\methods.py', reloading
2023-12-14 13:53:57,787 INFO werkzeug MainThread :  * Restarting with stat
2023-12-14 13:53:58,566 WARNING werkzeug MainThread :  * Debugger is active!
2023-12-14 13:53:58,568 INFO werkzeug MainThread :  * Debugger PIN: 574-351-979
2023-12-14 13:54:07,844 INFO werkzeug MainThread :  * Detected change in 'C:\\Users\\aba\\PycharmProjects\\eTel\\app\\methods.py', reloading
2023-12-14 13:54:07,976 INFO werkzeug MainThread :  * Restarting with stat
2023-12-14 13:54:08,826 WARNING werkzeug MainThread :  * Debugger is active!
2023-12-14 13:54:08,828 INFO werkzeug MainThread :  * Debugger PIN: 574-351-979
2023-12-14 13:54:49,909 INFO werkzeug MainThread :  * Detected change in 'C:\\Users\\aba\\PycharmProjects\\eTel\\app\\methods.py', reloading
2023-12-14 13:54:50,034 INFO werkzeug MainThread :  * Restarting with stat
2023-12-14 13:54:50,813 WARNING werkzeug MainThread :  * Debugger is active!
2023-12-14 13:54:50,814 INFO werkzeug MainThread :  * Debugger PIN: 574-351-979
2023-12-14 13:57:20,620 INFO werkzeug MainThread :  * Detected change in 'C:\\Users\\aba\\PycharmProjects\\eTel\\app\\methods.py', reloading
2023-12-14 13:57:20,789 INFO werkzeug MainThread :  * Restarting with stat
2023-12-14 13:57:21,587 WARNING werkzeug MainThread :  * Debugger is active!
2023-12-14 13:57:21,590 INFO werkzeug MainThread :  * Debugger PIN: 574-351-979
2023-12-14 13:57:36,012 INFO werkzeug MainThread :  * Detected change in 'C:\\Users\\aba\\PycharmProjects\\eTel\\app\\methods.py', reloading
2023-12-14 13:57:36,139 INFO werkzeug MainThread :  * Restarting with stat
2023-12-14 13:57:36,972 WARNING werkzeug MainThread :  * Debugger is active!
2023-12-14 13:57:36,975 INFO werkzeug MainThread :  * Debugger PIN: 574-351-979
2023-12-14 13:57:43,216 INFO werkzeug MainThread :  * Detected change in 'C:\\Users\\aba\\PycharmProjects\\eTel\\app\\methods.py', reloading
2023-12-14 13:57:43,339 INFO werkzeug MainThread :  * Restarting with stat
2023-12-14 13:57:44,117 WARNING werkzeug MainThread :  * Debugger is active!
2023-12-14 13:57:44,119 INFO werkzeug MainThread :  * Debugger PIN: 574-351-979
2023-12-14 13:57:55,450 INFO werkzeug MainThread :  * Detected change in 'C:\\Users\\aba\\PycharmProjects\\eTel\\app\\methods.py', reloading
2023-12-14 13:57:55,568 INFO werkzeug MainThread :  * Restarting with stat
2023-12-14 13:57:56,406 WARNING werkzeug MainThread :  * Debugger is active!
2023-12-14 13:57:56,408 INFO werkzeug MainThread :  * Debugger PIN: 574-351-979
2023-12-14 13:58:42,671 INFO werkzeug MainThread :  * Detected change in 'C:\\Users\\aba\\PycharmProjects\\eTel\\app\\methods.py', reloading
2023-12-14 13:58:42,787 INFO werkzeug MainThread :  * Restarting with stat
2023-12-14 13:58:43,566 WARNING werkzeug MainThread :  * Debugger is active!
2023-12-14 13:58:43,568 INFO werkzeug MainThread :  * Debugger PIN: 574-351-979
2023-12-14 14:00:29,338 INFO werkzeug MainThread :  * Detected change in 'C:\\Users\\aba\\PycharmProjects\\eTel\\app\\methods.py', reloading
2023-12-14 14:00:29,466 INFO werkzeug MainThread :  * Restarting with stat
2023-12-14 14:00:30,322 WARNING werkzeug MainThread :  * Debugger is active!
2023-12-14 14:00:30,323 INFO werkzeug MainThread :  * Debugger PIN: 574-351-979
2023-12-14 14:00:50,914 INFO werkzeug MainThread :  * Detected change in 'C:\\Users\\aba\\PycharmProjects\\eTel\\app\\methods.py', reloading
2023-12-14 14:00:51,035 INFO werkzeug MainThread :  * Restarting with stat
2023-12-14 14:00:51,875 WARNING werkzeug MainThread :  * Debugger is active!
2023-12-14 14:00:51,876 INFO werkzeug MainThread :  * Debugger PIN: 574-351-979
2023-12-14 14:01:07,342 INFO werkzeug MainThread :  * Detected change in 'C:\\Users\\aba\\PycharmProjects\\eTel\\app\\methods.py', reloading
2023-12-14 14:01:07,461 INFO werkzeug MainThread :  * Restarting with stat
2023-12-14 14:01:08,223 WARNING werkzeug MainThread :  * Debugger is active!
2023-12-14 14:01:08,224 INFO werkzeug MainThread :  * Debugger PIN: 574-351-979
2023-12-14 14:01:45,202 INFO werkzeug MainThread :  * Detected change in 'C:\\Users\\aba\\PycharmProjects\\eTel\\app\\methods.py', reloading
2023-12-14 14:01:45,349 INFO werkzeug MainThread :  * Restarting with stat
2023-12-14 14:01:46,105 WARNING werkzeug MainThread :  * Debugger is active!
2023-12-14 14:01:46,107 INFO werkzeug MainThread :  * Debugger PIN: 574-351-979
2023-12-14 14:03:39,050 INFO werkzeug MainThread :  * Detected change in 'C:\\Users\\aba\\PycharmProjects\\eTel\\app\\methods.py', reloading
2023-12-14 14:03:39,166 INFO werkzeug MainThread :  * Restarting with stat
2023-12-14 14:03:40,019 WARNING werkzeug MainThread :  * Debugger is active!
2023-12-14 14:03:40,021 INFO werkzeug MainThread :  * Debugger PIN: 574-351-979
2023-12-14 14:04:08,915 INFO werkzeug MainThread :  * Detected change in 'C:\\Users\\aba\\PycharmProjects\\eTel\\app\\methods.py', reloading
2023-12-14 14:04:09,031 INFO werkzeug MainThread :  * Restarting with stat
2023-12-14 14:04:09,834 WARNING werkzeug MainThread :  * Debugger is active!
2023-12-14 14:04:09,836 INFO werkzeug MainThread :  * Debugger PIN: 574-351-979
2023-12-14 14:04:26,339 INFO werkzeug MainThread :  * Detected change in 'C:\\Users\\aba\\PycharmProjects\\eTel\\app\\methods.py', reloading
2023-12-14 14:04:26,459 INFO werkzeug MainThread :  * Restarting with stat
2023-12-14 14:04:27,254 WARNING werkzeug MainThread :  * Debugger is active!
2023-12-14 14:04:27,255 INFO werkzeug MainThread :  * Debugger PIN: 574-351-979
2023-12-14 14:04:59,131 INFO werkzeug MainThread :  * Detected change in 'C:\\Users\\aba\\PycharmProjects\\eTel\\app\\methods.py', reloading
2023-12-14 14:04:59,243 INFO werkzeug MainThread :  * Restarting with stat
2023-12-14 14:05:00,063 WARNING werkzeug MainThread :  * Debugger is active!
2023-12-14 14:05:00,064 INFO werkzeug MainThread :  * Debugger PIN: 574-351-979
2023-12-14 14:05:36,051 INFO werkzeug MainThread :  * Detected change in 'C:\\Users\\aba\\PycharmProjects\\eTel\\app\\methods.py', reloading
2023-12-14 14:05:36,163 INFO werkzeug MainThread :  * Restarting with stat
2023-12-14 14:05:37,010 WARNING werkzeug MainThread :  * Debugger is active!
2023-12-14 14:05:37,011 INFO werkzeug MainThread :  * Debugger PIN: 574-351-979
2023-12-14 14:07:26,816 INFO werkzeug MainThread :  * Detected change in 'C:\\Users\\aba\\PycharmProjects\\eTel\\app\\methods.py', reloading
2023-12-14 14:07:26,937 INFO werkzeug MainThread :  * Restarting with stat
2023-12-14 14:07:27,711 WARNING werkzeug MainThread :  * Debugger is active!
2023-12-14 14:07:27,714 INFO werkzeug MainThread :  * Debugger PIN: 574-351-979
2023-12-14 14:07:33,925 INFO werkzeug MainThread :  * Detected change in 'C:\\Users\\aba\\PycharmProjects\\eTel\\app\\methods.py', reloading
2023-12-14 14:07:34,037 INFO werkzeug MainThread :  * Restarting with stat
2023-12-14 14:07:34,919 WARNING werkzeug MainThread :  * Debugger is active!
2023-12-14 14:07:34,920 INFO werkzeug MainThread :  * Debugger PIN: 574-351-979
2023-12-14 14:07:46,266 INFO werkzeug MainThread :  * Detected change in 'C:\\Users\\aba\\PycharmProjects\\eTel\\app\\methods.py', reloading
2023-12-14 14:07:46,400 INFO werkzeug MainThread :  * Restarting with stat
2023-12-14 14:07:47,233 WARNING werkzeug MainThread :  * Debugger is active!
2023-12-14 14:07:47,235 INFO werkzeug MainThread :  * Debugger PIN: 574-351-979
2023-12-14 14:07:58,566 INFO werkzeug MainThread :  * Detected change in 'C:\\Users\\aba\\PycharmProjects\\eTel\\app\\methods.py', reloading
2023-12-14 14:07:58,691 INFO werkzeug MainThread :  * Restarting with stat
2023-12-14 14:07:59,470 WARNING werkzeug MainThread :  * Debugger is active!
2023-12-14 14:07:59,471 INFO werkzeug MainThread :  * Debugger PIN: 574-351-979
2023-12-14 14:08:17,973 INFO werkzeug MainThread :  * Detected change in 'C:\\Users\\aba\\PycharmProjects\\eTel\\app\\methods.py', reloading
2023-12-14 14:08:18,093 INFO werkzeug MainThread :  * Restarting with stat
2023-12-14 14:08:18,901 WARNING werkzeug MainThread :  * Debugger is active!
2023-12-14 14:08:18,903 INFO werkzeug MainThread :  * Debugger PIN: 574-351-979
2023-12-14 14:20:16,788 INFO flask_wtf.csrf Thread-2 (process_request_thread) : The CSRF token has expired.
2023-12-14 14:20:16,794 INFO werkzeug Thread-2 (process_request_thread) : 127.0.0.1 - - [14/Dec/2023 14:20:16] "POST /login HTTP/1.1" 200 -
2023-12-14 14:20:19,933 INFO werkzeug Thread-3 (process_request_thread) : 127.0.0.1 - - [14/Dec/2023 14:20:19] "[32mPOST /login HTTP/1.1[0m" 302 -
2023-12-14 14:20:20,255 INFO werkzeug Thread-4 (process_request_thread) : 127.0.0.1 - - [14/Dec/2023 14:20:20] "GET /dashboard HTTP/1.1" 200 -
2023-12-14 14:20:22,981 INFO werkzeug Thread-5 (process_request_thread) : 127.0.0.1 - - [14/Dec/2023 14:20:22] "[32mGET /logout HTTP/1.1[0m" 302 -
2023-12-14 14:20:23,302 INFO werkzeug Thread-6 (process_request_thread) : 127.0.0.1 - - [14/Dec/2023 14:20:23] "GET /login HTTP/1.1" 200 -
2023-12-14 14:24:44,213 INFO werkzeug MainThread :  * Detected change in 'C:\\Users\\aba\\PycharmProjects\\eTel\\app\\methods.py', reloading
2023-12-14 14:24:44,415 INFO werkzeug MainThread :  * Restarting with stat
2023-12-14 14:24:45,293 WARNING werkzeug MainThread :  * Debugger is active!
2023-12-14 14:24:45,294 INFO werkzeug MainThread :  * Debugger PIN: 574-351-979
2023-12-14 14:35:42,740 INFO werkzeug Thread-2 (process_request_thread) : 127.0.0.1 - - [14/Dec/2023 14:35:42] "GET /login HTTP/1.1" 200 -
2023-12-14 14:47:25,891 INFO werkzeug MainThread :  * Detected change in 'C:\\Users\\aba\\PycharmProjects\\eTel\\app\\methods.py', reloading
2023-12-14 14:47:26,015 INFO werkzeug MainThread :  * Restarting with stat
2023-12-14 14:47:26,800 WARNING werkzeug MainThread :  * Debugger is active!
2023-12-14 14:47:26,802 INFO werkzeug MainThread :  * Debugger PIN: 574-351-979
2023-12-14 14:48:19,261 INFO werkzeug MainThread :  * Detected change in 'C:\\Users\\aba\\PycharmProjects\\eTel\\app\\methods.py', reloading
2023-12-14 14:48:19,382 INFO werkzeug MainThread :  * Restarting with stat
2023-12-14 14:48:20,182 WARNING werkzeug MainThread :  * Debugger is active!
2023-12-14 14:48:20,183 INFO werkzeug MainThread :  * Debugger PIN: 574-351-979
2023-12-14 14:48:35,604 INFO werkzeug MainThread :  * Detected change in 'C:\\Users\\aba\\PycharmProjects\\eTel\\app\\methods.py', reloading
2023-12-14 14:48:35,718 INFO werkzeug MainThread :  * Restarting with stat
2023-12-14 14:48:36,559 WARNING werkzeug MainThread :  * Debugger is active!
2023-12-14 14:48:36,562 INFO werkzeug MainThread :  * Debugger PIN: 574-351-979
2023-12-14 14:48:54,064 INFO werkzeug MainThread :  * Detected change in 'C:\\Users\\aba\\PycharmProjects\\eTel\\app\\methods.py', reloading
2023-12-14 14:48:54,180 INFO werkzeug MainThread :  * Restarting with stat
2023-12-14 14:48:55,119 WARNING werkzeug MainThread :  * Debugger is active!
2023-12-14 14:48:55,121 INFO werkzeug MainThread :  * Debugger PIN: 574-351-979
2023-12-14 14:49:35,191 INFO werkzeug MainThread :  * Detected change in 'C:\\Users\\aba\\PycharmProjects\\eTel\\app\\methods.py', reloading
2023-12-14 14:49:35,306 INFO werkzeug MainThread :  * Restarting with stat
2023-12-14 14:49:36,142 WARNING werkzeug MainThread :  * Debugger is active!
2023-12-14 14:49:36,143 INFO werkzeug MainThread :  * Debugger PIN: 574-351-979
2023-12-14 14:49:42,394 INFO werkzeug MainThread :  * Detected change in 'C:\\Users\\aba\\PycharmProjects\\eTel\\app\\methods.py', reloading
2023-12-14 14:49:42,511 INFO werkzeug MainThread :  * Restarting with stat
2023-12-14 14:49:43,295 WARNING werkzeug MainThread :  * Debugger is active!
2023-12-14 14:49:43,296 INFO werkzeug MainThread :  * Debugger PIN: 574-351-979
2023-12-14 14:50:43,915 INFO werkzeug MainThread :  * Detected change in 'C:\\Users\\aba\\PycharmProjects\\eTel\\app\\methods.py', reloading
2023-12-14 14:50:44,066 INFO werkzeug MainThread :  * Restarting with stat
2023-12-14 14:50:44,931 WARNING werkzeug MainThread :  * Debugger is active!
2023-12-14 14:50:44,934 INFO werkzeug MainThread :  * Debugger PIN: 574-351-979
2023-12-14 14:51:00,381 INFO werkzeug MainThread :  * Detected change in 'C:\\Users\\aba\\PycharmProjects\\eTel\\app\\methods.py', reloading
2023-12-14 14:51:00,518 INFO werkzeug MainThread :  * Restarting with stat
2023-12-14 14:51:01,347 WARNING werkzeug MainThread :  * Debugger is active!
2023-12-14 14:51:01,349 INFO werkzeug MainThread :  * Debugger PIN: 574-351-979
2023-12-14 14:51:40,389 INFO werkzeug MainThread :  * Detected change in 'C:\\Users\\aba\\PycharmProjects\\eTel\\app\\models.py', reloading
2023-12-14 14:51:40,500 INFO werkzeug MainThread :  * Restarting with stat
2023-12-14 14:51:41,239 WARNING werkzeug MainThread :  * Debugger is active!
2023-12-14 14:51:41,241 INFO werkzeug MainThread :  * Debugger PIN: 574-351-979
2023-12-14 14:52:54,168 INFO werkzeug MainThread :  * Detected change in 'C:\\Users\\aba\\PycharmProjects\\eTel\\app\\methods.py', reloading
2023-12-14 14:52:54,285 INFO werkzeug MainThread :  * Restarting with stat
2023-12-14 14:52:55,148 WARNING werkzeug MainThread :  * Debugger is active!
2023-12-14 14:52:55,151 INFO werkzeug MainThread :  * Debugger PIN: 574-351-979
2023-12-14 15:04:50,149 INFO werkzeug MainThread :  * Detected change in 'C:\\Users\\aba\\PycharmProjects\\eTel\\app\\methods.py', reloading
2023-12-14 15:04:50,303 INFO werkzeug MainThread :  * Restarting with stat
2023-12-14 15:04:51,325 WARNING werkzeug MainThread :  * Debugger is active!
2023-12-14 15:04:51,327 INFO werkzeug MainThread :  * Debugger PIN: 574-351-979
2023-12-14 15:05:31,439 INFO werkzeug MainThread :  * Detected change in 'C:\\Users\\aba\\PycharmProjects\\eTel\\app\\methods.py', reloading
2023-12-14 15:05:31,579 INFO werkzeug MainThread :  * Restarting with stat
2023-12-14 15:05:32,407 WARNING werkzeug MainThread :  * Debugger is active!
2023-12-14 15:05:32,409 INFO werkzeug MainThread :  * Debugger PIN: 574-351-979
2023-12-14 15:05:59,426 INFO werkzeug Thread-2 (process_request_thread) : 127.0.0.1 - - [14/Dec/2023 15:05:59] "GET /login HTTP/1.1" 200 -
2023-12-14 15:06:00,561 INFO werkzeug Thread-3 (process_request_thread) : 127.0.0.1 - - [14/Dec/2023 15:06:00] "GET /register HTTP/1.1" 200 -
2023-12-14 15:10:17,156 INFO werkzeug MainThread :  * Detected change in 'C:\\Users\\aba\\PycharmProjects\\eTel\\app\\forms.py', reloading
2023-12-14 15:10:17,353 INFO werkzeug MainThread :  * Restarting with stat
2023-12-14 15:10:18,225 WARNING werkzeug MainThread :  * Debugger is active!
2023-12-14 15:10:18,225 INFO werkzeug MainThread :  * Debugger PIN: 574-351-979
2023-12-14 15:12:45,539 INFO werkzeug MainThread :  * Detected change in 'C:\\Users\\aba\\PycharmProjects\\eTel\\app\\methods.py', reloading
2023-12-14 15:12:45,660 INFO werkzeug MainThread :  * Restarting with stat
2023-12-14 15:12:45,740 INFO werkzeug MainThread : [31m[1mWARNING: This is a development server. Do not use it in a production deployment. Use a production WSGI server instead.[0m
 * Running on all addresses (0.0.0.0)
 * Running on http://127.0.0.1:5000
 * Running on http://192.168.2.142:5000
2023-12-14 15:12:45,740 INFO werkzeug MainThread : [33mPress CTRL+C to quit[0m
2023-12-14 15:12:45,742 INFO werkzeug MainThread :  * Restarting with stat
2023-12-14 15:12:46,510 WARNING werkzeug MainThread :  * Debugger is active!
2023-12-14 15:12:46,511 INFO werkzeug MainThread :  * Debugger PIN: 574-351-979
2023-12-14 15:12:46,569 WARNING werkzeug MainThread :  * Debugger is active!
2023-12-14 15:12:46,571 INFO werkzeug MainThread :  * Debugger PIN: 574-351-979
2023-12-14 15:12:48,856 INFO werkzeug Thread-2 (process_request_thread) : 127.0.0.1 - - [14/Dec/2023 15:12:48] "GET /register HTTP/1.1" 200 -
2023-12-14 15:12:49,827 INFO werkzeug Thread-3 (process_request_thread) : 127.0.0.1 - - [14/Dec/2023 15:12:49] "GET /register HTTP/1.1" 200 -
2023-12-14 15:12:55,080 INFO werkzeug Thread-4 (process_request_thread) : 127.0.0.1 - - [14/Dec/2023 15:12:55] "POST /register HTTP/1.1" 200 -
2023-12-14 15:13:21,526 INFO werkzeug Thread-5 (process_request_thread) : 127.0.0.1 - - [14/Dec/2023 15:13:21] "POST /register HTTP/1.1" 200 -
